#
# A fatal error has been detected by the Java Runtime Environment:
#
#  EXCEPTION_ACCESS_VIOLATION (0xc0000005) at pc=0x00007ffc1909b036, pid=14532, tid=6252
#
# JRE version: OpenJDK Runtime Environment Temurin-20.0.2+9 (20.0.2+9) (build 20.0.2+9)
# Java VM: OpenJDK 64-Bit Server VM Temurin-20.0.2+9 (20.0.2+9, mixed mode, emulated-client, tiered, compressed oops, compressed class ptrs, g1 gc, windows-amd64)
# Problematic frame:
# V  [jvm.dll+0xb036]
#
# No core dump will be written. Minidumps are not enabled by default on client versions of Windows
#
# If you would like to submit a bug report, please visit:
#   https://github.com/adoptium/adoptium-support/issues
#

---------------  S U M M A R Y ------------

Command Line: -Dcom.sun.management.jmxremote -Dcom.sun.management.jmxremote.port=50732 -Dcom.sun.management.jmxremote.authenticate=false -Dcom.sun.management.jmxremote.ssl=false -Djava.rmi.server.hostname=localhost -Dspring.jmx.enabled=true -Dmanagement.endpoints.jmx.exposure.include=* -Dspring.application.admin.enabled=true -XX:TieredStopAtLevel=1 -Dspring.boot.project.name=Registration -Dfile.encoding=UTF-8 -Dstdout.encoding=UTF-8 -Dstderr.encoding=UTF-8 -XX:+ShowCodeDetailsInExceptionMessages com.priya.Registration.RegistrationApplication --spring.output.ansi.enabled=always

Host: Intel(R) Core(TM) i3-6006U CPU @ 2.00GHz, 4 cores, 7G,  Windows 10 , 64 bit Build 19041 (10.0.19041.3393)
Time: Thu Oct 26 15:43:25 2023 India Standard Time elapsed time: 2.720364 seconds (0d 0h 0m 2s)

---------------  T H R E A D  ---------------

Current thread (0x0000023868fcc680):  WorkerThread "G1 Conc#0" [stack: 0x00000097acf00000,0x00000097ad000000] [id=6252]

Stack: [0x00000097acf00000,0x00000097ad000000],  sp=0x00000097acfff858,  free space=1022k
Native frames: (J=compiled Java code, j=interpreted, Vv=VM code, C=native code)
V  [jvm.dll+0xb036]


siginfo: EXCEPTION_ACCESS_VIOLATION (0xc0000005), reading address 0x0000000000031680


Registers:
RAX=0x0000000000000002, RBX=0x0000023868fcdb01, RCX=0x00000000819cb048, RDX=0x00000000819cb048
RSP=0x00000097acfff858, RBP=0x0000000000000000, RSI=0x0000023868fbadd0, RDI=0x00000000819cb048
R8 =0x0000000000031678, R9 =0x0000000000000003, R10=0x0000023868f6eb40, R11=0x0000000000000003
R12=0x0000000000000000, R13=0xaaaaaaaaaaaaaaab, R14=0x00000000819c5f20, R15=0x00000097acfff9f0
RIP=0x00007ffc1909b036, EFLAGS=0x0000000000010206


Register to memory mapping:

RIP=0x00007ffc1909b036 jvm.dll
RAX=0x0000000000000002 is an unknown value
RBX=0x0000023868fcdb01 points into unknown readable memory: 00 00 00 00 00 00 00
RCX=
[error occurred during error reporting (printing register info), id 0xc0000005, EXCEPTION_ACCESS_VIOLATION (0xc0000005) at pc=0x00007ffc1909b036]
Top of Stack: (sp=0x00000097acfff858)
0x00000097acfff858:   00007ffc193b294a 0000000000000000
0x00000097acfff868:   00007ffc193b28b6 00000000818c1090
0x00000097acfff878:   00007ffc193b271f 00000000819cb048
0x00000097acfff888:   00007ffc193b271f 0000023868fcdb70
0x00000097acfff898:   00000097acfffa30 00000000819c5f20
0x00000097acfff8a8:   00000097acfffa30 00000000819c5fc0
0x00000097acfff8b8:   00007ffc193b041d 00000000819c5f90
0x00000097acfff8c8:   00007ffc193b0a0d 00000000819c5f18
0x00000097acfff8d8:   00007ffc193afd92 0000000000000001
0x00000097acfff8e8:   0000000100042910 00000097acfffa30
0x00000097acfff8f8:   00007ffc193afd92 00000000819c5f20
0x00000097acfff908:   00000097acfff9f0 0000000000000014
0x00000097acfff918:   0000000000000040 0000023868fcdb70
0x00000097acfff928:   00007ffc193ce6c0 00000000819c5f20
0x00000097acfff938:   0000023868fbade0 00000097acfff9f0
0x00000097acfff948:   0000023868fbade0 00000000819c5f20
0x00000097acfff958:   00007ffc193cac91 0000000000078be4
0x00000097acfff968:   0000000000000000 00000000818228c0
0x00000097acfff978:   00007ffc193cc374 0000000000080000
0x00000097acfff988:   00007ffc193cc8ec 00000000819c5f00
0x00000097acfff998:   0000000000078be4 000000000002625a
0x00000097acfff9a8:   0000000000000000 0000000000000000
0x00000097acfff9b8:   0000000000000001 0000023868fcdb70
0x00000097acfff9c8:   00007ffc193cb563 0000000000000555
0x00000097acfff9d8:   0000000000000000 00000097aceff601
0x00000097acfff9e8:   0000000000000000 0000023868fbadd0
0x00000097acfff9f8:   0000023868fcdb70 0000000081900000
0x00000097acfffa08:   0000000000020000 0000000081900000
0x00000097acfffa18:   0000000000020000 0000000000000000
0x00000097acfffa28:   0000000000000000 00007ffc19a69698
0x00000097acfffa38:   00000238746dec90 0000000000000003
0x00000097acfffa48:   0000023868f6eb40 0000023868fcdb70 

Instructions: (pc=0x00007ffc1909b036)
0x00007ffc1909af36:   cc cc cc cc cc cc cc cc cc cc 4c 8b c1 ba 64 60
0x00007ffc1909af46:   08 00 48 8b 0d 31 8e c0 00 e9 dc f1 ff ff cc cc
0x00007ffc1909af56:   cc cc cc cc cc cc cc cc cc cc 8b 05 b2 70 ba 00
0x00007ffc1909af66:   c3 cc cc cc cc cc cc cc cc cc 0f b6 05 a7 8c c1
0x00007ffc1909af76:   00 48 8b d1 84 c0 74 16 44 8b 41 08 8b 0d 90 70
0x00007ffc1909af86:   ba 00 49 d3 e0 4c 03 05 7e 70 ba 00 eb 04 4c 8b
0x00007ffc1909af96:   41 08 45 8b 48 08 45 85 c9 7e 0e 41 f6 c1 01 75
0x00007ffc1909afa6:   53 41 c1 f9 03 49 63 c1 c3 79 49 84 c0 41 b8 0c
0x00007ffc1909afb6:   00 00 00 8b 05 29 82 ba 00 b9 10 00 00 00 41 0f
0x00007ffc1909afc6:   45 c8 ff c8 4c 63 c0 41 8b c1 48 c1 f8 10 0f b6
0x00007ffc1909afd6:   c0 48 63 14 11 41 8b c9 83 e1 3f 48 d3 e2 49 8d
0x00007ffc1909afe6:   0c 10 49 f7 d0 48 03 c1 49 c1 e8 03 48 c1 e8 03
0x00007ffc1909aff6:   49 23 c0 c3 49 8b 00 49 8b c8 48 ff a0 00 01 00
0x00007ffc1909b006:   00 cc cc cc cc cc cc cc cc cc 8b 44 24 30 45 03
0x00007ffc1909b016:   c9 44 2b 4c 24 28 83 c0 0b 44 03 ca 45 03 c8 41
0x00007ffc1909b026:   03 c1 c3 cc cc cc cc cc cc cc 4c 8b c2 48 8b d1
0x00007ffc1909b036:   45 8b 48 08 45 85 c9 7e 0e 41 f6 c1 01 75 56 41
0x00007ffc1909b046:   c1 f9 03 49 63 c1 c3 79 4c 80 3d c8 8b c1 00 00
0x00007ffc1909b056:   b8 0c 00 00 00 b9 10 00 00 00 0f 45 c8 8b 05 7f
0x00007ffc1909b066:   81 ba 00 ff c8 4c 63 c0 41 8b c1 48 c1 f8 10 48
0x00007ffc1909b076:   63 14 11 41 8b c9 83 e1 3f 0f b6 c0 48 d3 e2 49
0x00007ffc1909b086:   8d 0c 10 49 f7 d0 48 03 c1 49 c1 e8 03 48 c1 e8
0x00007ffc1909b096:   03 49 23 c0 c3 49 8b 00 49 8b c8 48 ff a0 00 01
0x00007ffc1909b0a6:   00 00 cc cc cc cc cc cc cc cc 48 8b 41 08 0f b7
0x00007ffc1909b0b6:   48 2a 0f b7 40 28 83 c0 48 03 c1 c3 cc cc cc cc
0x00007ffc1909b0c6:   cc cc cc cc cc cc cc cc cc cc 48 89 5c 24 08 57
0x00007ffc1909b0d6:   48 83 ec 20 0f b6 05 1f b0 c5 00 48 8b fa 48 8b
0x00007ffc1909b0e6:   d9 84 c0 74 4f 48 85 15 c6 a7 c5 00 74 38 48 8b
0x00007ffc1909b0f6:   ca e8 64 9a 8c 00 48 8b d0 48 85 db 74 25 48 85
0x00007ffc1909b106:   c0 74 20 48 8b c7 f0 48 0f b1 13 74 16 48 85 05
0x00007ffc1909b116:   9e a7 c5 00 74 0d 48 8b c8 f0 48 0f b1 13 48 3b
0x00007ffc1909b126:   c1 75 ea 48 8b fa 48 8b c7 48 8b 5c 24 30 48 83 


Stack slot to memory mapping:
stack at sp + 0 slots: 0x00007ffc193b294a jvm.dll
stack at sp + 1 slots: 0x0 is NULL
stack at sp + 2 slots: 0x00007ffc193b28b6 jvm.dll
stack at sp + 3 slots: 0x00000000818c1090 is an oop: java.lang.invoke.VarHandle$AccessType 
{0x00000000818c1090} - klass: 'java/lang/invoke/VarHandle$AccessType'
 - ---- fields (total size 4 words):
 - private final 'ordinal' 'I' @12  4 (0x00000004)
 - private final 'name' 'Ljava/lang/String;' @16  "GET_AND_UPDATE"{0x00000000818c10b0} (0x818c10b0)
 - final 'isMonomorphicInReturnType' 'Z' @20  false (0x00)
 - final 'returnType' 'Ljava/lang/Class;' @24  a 'java/lang/Class'{0x00000000819fa200} = 'java/lang/Object' (0x819fa200)
stack at sp + 4 slots: 0x00007ffc193b271f jvm.dll
stack at sp + 5 slots: 
[error occurred during error reporting (inspecting top of stack), id 0xc0000005, EXCEPTION_ACCESS_VIOLATION (0xc0000005) at pc=0x00007ffc1909b036]

---------------  P R O C E S S  ---------------

Threads class SMR info:
_java_thread_list=0x0000023879dd0520, length=22, elements={
0x0000023868f5cef0, 0x0000023878c3f010, 0x0000023878c41400, 0x0000023878c442c0,
0x0000023878c71670, 0x0000023878c4d5b0, 0x0000023878c4def0, 0x0000023878c50fe0,
0x000002387481aa00, 0x0000023878e0bc70, 0x0000023878e62b60, 0x00000238793d0f30,
0x000002387947b330, 0x0000023879474740, 0x00000238795fb590, 0x0000023879c26030,
0x0000023879c28db0, 0x0000023879624c40, 0x00000238796255c0, 0x0000023879c66d20,
0x0000023879cad060, 0x0000023879cad5b0
}

Java Threads: ( => current thread )
  0x0000023868f5cef0 JavaThread "main" [_thread_blocked, id=11232, stack(0x00000097acc00000,0x00000097acd00000)]
  0x0000023878c3f010 JavaThread "Reference Handler" daemon [_thread_blocked, id=1820, stack(0x00000097ad300000,0x00000097ad400000)]
  0x0000023878c41400 JavaThread "Finalizer" daemon [_thread_blocked, id=12708, stack(0x00000097ad400000,0x00000097ad500000)]
  0x0000023878c442c0 JavaThread "Signal Dispatcher" daemon [_thread_blocked, id=10712, stack(0x00000097ad500000,0x00000097ad600000)]
  0x0000023878c71670 JavaThread "Attach Listener" daemon [_thread_blocked, id=2008, stack(0x00000097ad600000,0x00000097ad700000)]
  0x0000023878c4d5b0 JavaThread "Service Thread" daemon [_thread_blocked, id=11484, stack(0x00000097ad700000,0x00000097ad800000)]
  0x0000023878c4def0 JavaThread "Monitor Deflation Thread" daemon [_thread_blocked, id=9132, stack(0x00000097ad800000,0x00000097ad900000)]
  0x0000023878c50fe0 JavaThread "C1 CompilerThread0" daemon [_thread_blocked, id=8000, stack(0x00000097ad900000,0x00000097ada00000)]
  0x000002387481aa00 JavaThread "Common-Cleaner" daemon [_thread_blocked, id=5028, stack(0x00000097ada00000,0x00000097adb00000)]
  0x0000023878e0bc70 JavaThread "C1 CompilerThread1" daemon [_thread_blocked, id=6620, stack(0x00000097adb00000,0x00000097adc00000)]
  0x0000023878e62b60 JavaThread "Notification Thread" daemon [_thread_blocked, id=11888, stack(0x00000097adc00000,0x00000097add00000)]
  0x00000238793d0f30 JavaThread "C1 CompilerThread2" daemon [_thread_blocked, id=13964, stack(0x00000097add00000,0x00000097ade00000)]
  0x000002387947b330 JavaThread "RMI TCP Accept-0" daemon [_thread_in_native, id=6432, stack(0x00000097ade00000,0x00000097adf00000)]
  0x0000023879474740 JavaThread "RMI TCP Accept-50732" daemon [_thread_in_native, id=8424, stack(0x00000097ae200000,0x00000097ae300000)]
  0x00000238795fb590 JavaThread "RMI TCP Accept-0" daemon [_thread_in_native, id=13064, stack(0x00000097ae300000,0x00000097ae400000)]
  0x0000023879c26030 JavaThread "Thread-0" [_thread_blocked, id=15220, stack(0x00000097ae500000,0x00000097ae600000)]
  0x0000023879c28db0 JavaThread "restartedMain" [_thread_blocked, id=10372, stack(0x00000097ae600000,0x00000097ae700000)]
  0x0000023879624c40 JavaThread "RMI TCP Connection(1)-127.0.0.1" daemon [_thread_in_native, id=1144, stack(0x00000097ae700000,0x00000097ae800000)]
  0x00000238796255c0 JavaThread "RMI Scheduler(0)" daemon [_thread_blocked, id=9352, stack(0x00000097ae800000,0x00000097ae900000)]
  0x0000023879c66d20 JavaThread "RMI TCP Connection(2)-127.0.0.1" daemon [_thread_in_native, id=13472, stack(0x00000097ae900000,0x00000097aea00000)]
  0x0000023879cad060 JavaThread "JMX server connection timeout 33" daemon [_thread_blocked, id=7900, stack(0x00000097aea00000,0x00000097aeb00000)]
  0x0000023879cad5b0 JavaThread "background-preinit" [_thread_blocked, id=3132, stack(0x00000097aeb00000,0x00000097aec00000)]

Other Threads:
  0x00000238748aa7a0 VMThread "VM Thread" [stack: 0x00000097ad200000,0x00000097ad300000] [id=7996]
  0x0000023879474c90 WatcherThread "VM Periodic Task Thread" [stack: 0x00000097ae400000,0x00000097ae500000] [id=4760]
  0x0000023868fba8a0 WorkerThread "GC Thread#0" [stack: 0x00000097acd00000,0x00000097ace00000] [id=7980]
  0x0000023879482a60 WorkerThread "GC Thread#1" [stack: 0x00000097adf00000,0x00000097ae000000] [id=256]
  0x000002387947b880 WorkerThread "GC Thread#2" [stack: 0x00000097ae000000,0x00000097ae100000] [id=3296]
  0x0000023879618950 WorkerThread "GC Thread#3" [stack: 0x00000097ae100000,0x00000097ae200000] [id=588]
  0x0000023868fcb400 ConcurrentGCThread "G1 Main Marker" [stack: 0x00000097ace00000,0x00000097acf00000] [id=6288]
=>0x0000023868fcc680 WorkerThread "G1 Conc#0" [stack: 0x00000097acf00000,0x00000097ad000000] [id=6252]
  0x00000238746dd510 ConcurrentGCThread "G1 Refine#0" [stack: 0x00000097ad000000,0x00000097ad100000] [id=9088]
  0x00000238746dddc0 ConcurrentGCThread "G1 Service" [stack: 0x00000097ad100000,0x00000097ad200000] [id=8580]

Threads with active compile tasks:

VM state: not at safepoint (normal execution)

VM Mutex/Monitor currently owned by a thread:  ([mutex/lock_event])
[0x0000023868f572e0] Heap_lock - owner thread: 0x0000023879cad5b0

Heap address: 0x0000000081600000, size: 2026 MB, Compressed Oops mode: 32-bit

CDS archive(s) not mapped
Compressed class space mapped at: 0x0000000100000000-0x0000000140000000, reserved size: 1073741824
Narrow klass base: 0x0000000000000000, Narrow klass shift: 3, Narrow klass range: 0x140000000

GC Precious Log:
 CardTable entry size: 512
 Card Set container configuration: InlinePtr #cards 5 size 8 Array Of Cards #cards 12 size 40 Howl #buckets 4 coarsen threshold 1843 Howl Bitmap #cards 512 size 80 coarsen threshold 460 Card regions per heap region 1 cards per card region 2048
 CPUs: 4 total, 4 available
 Memory: 8098M
 Large Page Support: Disabled
 NUMA Support: Disabled
 Compressed Oops: Enabled (32-bit)
 Heap Region Size: 1M
 Heap Min Capacity: 8M
 Heap Initial Capacity: 128M
 Heap Max Capacity: 2026M
 Pre-touch: Disabled
 Parallel Workers: 4
 Concurrent Workers: 1
 Concurrent Refinement Workers: 4
 Periodic GC: Disabled

Heap:
 garbage-first heap   total 131072K, used 10645K [0x0000000081600000, 0x0000000100000000)
  region size 1024K, 6 young (6144K), 4 survivors (4096K)
 Metaspace       used 21570K, committed 21824K, reserved 1114112K
  class space    used 2428K, committed 2560K, reserved 1048576K

Heap Regions: E=young(eden), S=young(survivor), O=old, HS=humongous(starts), HC=humongous(continues), CS=collection set, F=free, OA=open archive, CA=closed archive, TAMS=top-at-mark-start, PB=parsable bottom
|   0|0x0000000081600000, 0x0000000081700000, 0x0000000081700000|100%|HS|  |TAMS 0x0000000081700000| PB 0x0000000081600000| Complete 
|   1|0x0000000081700000, 0x0000000081800000, 0x0000000081800000|100%| O|  |TAMS 0x0000000081800000| PB 0x0000000081700000| Untracked 
|   2|0x0000000081800000, 0x0000000081900000, 0x0000000081900000|100%| O|  |TAMS 0x0000000081900000| PB 0x0000000081800000| Untracked 
|   3|0x0000000081900000, 0x0000000081a00000, 0x0000000081a00000|100%| O|  |TAMS 0x0000000081a00000| PB 0x0000000081900000| Untracked 
|   4|0x0000000081a00000, 0x0000000081b00000, 0x0000000081b00000|100%| O|  |TAMS 0x0000000081b00000| PB 0x0000000081a00000| Untracked 
|   5|0x0000000081b00000, 0x0000000081c00000, 0x0000000081c00000|100%| O|  |TAMS 0x0000000081c00000| PB 0x0000000081b00000| Untracked 
|   6|0x0000000081c00000, 0x0000000081c00000, 0x0000000081d00000|  0%| F|  |TAMS 0x0000000081c00000| PB 0x0000000081c00000| Untracked 
|   7|0x0000000081d00000, 0x0000000081d00000, 0x0000000081e00000|  0%| F|  |TAMS 0x0000000081d00000| PB 0x0000000081d00000| Untracked 
|   8|0x0000000081e00000, 0x0000000081e00000, 0x0000000081f00000|  0%| F|  |TAMS 0x0000000081e00000| PB 0x0000000081e00000| Untracked 
|   9|0x0000000081f00000, 0x0000000081f00000, 0x0000000082000000|  0%| F|  |TAMS 0x0000000081f00000| PB 0x0000000081f00000| Untracked 
|  10|0x0000000082000000, 0x0000000082000000, 0x0000000082100000|  0%| F|  |TAMS 0x0000000082000000| PB 0x0000000082000000| Untracked 
|  11|0x0000000082100000, 0x0000000082100000, 0x0000000082200000|  0%| F|  |TAMS 0x0000000082100000| PB 0x0000000082100000| Untracked 
|  12|0x0000000082200000, 0x0000000082200000, 0x0000000082300000|  0%| F|  |TAMS 0x0000000082200000| PB 0x0000000082200000| Untracked 
|  13|0x0000000082300000, 0x0000000082300000, 0x0000000082400000|  0%| F|  |TAMS 0x0000000082300000| PB 0x0000000082300000| Untracked 
|  14|0x0000000082400000, 0x0000000082400000, 0x0000000082500000|  0%| F|  |TAMS 0x0000000082400000| PB 0x0000000082400000| Untracked 
|  15|0x0000000082500000, 0x0000000082500000, 0x0000000082600000|  0%| F|  |TAMS 0x0000000082500000| PB 0x0000000082500000| Untracked 
|  16|0x0000000082600000, 0x0000000082600000, 0x0000000082700000|  0%| F|  |TAMS 0x0000000082600000| PB 0x0000000082600000| Untracked 
|  17|0x0000000082700000, 0x0000000082700000, 0x0000000082800000|  0%| F|  |TAMS 0x0000000082700000| PB 0x0000000082700000| Untracked 
|  18|0x0000000082800000, 0x0000000082800000, 0x0000000082900000|  0%| F|  |TAMS 0x0000000082800000| PB 0x0000000082800000| Untracked 
|  19|0x0000000082900000, 0x0000000082900000, 0x0000000082a00000|  0%| F|  |TAMS 0x0000000082900000| PB 0x0000000082900000| Untracked 
|  20|0x0000000082a00000, 0x0000000082a00000, 0x0000000082b00000|  0%| F|  |TAMS 0x0000000082a00000| PB 0x0000000082a00000| Untracked 
|  21|0x0000000082b00000, 0x0000000082b00000, 0x0000000082c00000|  0%| F|  |TAMS 0x0000000082b00000| PB 0x0000000082b00000| Untracked 
|  22|0x0000000082c00000, 0x0000000082c00000, 0x0000000082d00000|  0%| F|  |TAMS 0x0000000082c00000| PB 0x0000000082c00000| Untracked 
|  23|0x0000000082d00000, 0x0000000082d00000, 0x0000000082e00000|  0%| F|  |TAMS 0x0000000082d00000| PB 0x0000000082d00000| Untracked 
|  24|0x0000000082e00000, 0x0000000082e00000, 0x0000000082f00000|  0%| F|  |TAMS 0x0000000082e00000| PB 0x0000000082e00000| Untracked 
|  25|0x0000000082f00000, 0x0000000082f00000, 0x0000000083000000|  0%| F|  |TAMS 0x0000000082f00000| PB 0x0000000082f00000| Untracked 
|  26|0x0000000083000000, 0x0000000083000000, 0x0000000083100000|  0%| F|  |TAMS 0x0000000083000000| PB 0x0000000083000000| Untracked 
|  27|0x0000000083100000, 0x0000000083100000, 0x0000000083200000|  0%| F|  |TAMS 0x0000000083100000| PB 0x0000000083100000| Untracked 
|  28|0x0000000083200000, 0x0000000083200000, 0x0000000083300000|  0%| F|  |TAMS 0x0000000083200000| PB 0x0000000083200000| Untracked 
|  29|0x0000000083300000, 0x0000000083300000, 0x0000000083400000|  0%| F|  |TAMS 0x0000000083300000| PB 0x0000000083300000| Untracked 
|  30|0x0000000083400000, 0x0000000083400000, 0x0000000083500000|  0%| F|  |TAMS 0x0000000083400000| PB 0x0000000083400000| Untracked 
|  31|0x0000000083500000, 0x0000000083500000, 0x0000000083600000|  0%| F|  |TAMS 0x0000000083500000| PB 0x0000000083500000| Untracked 
|  32|0x0000000083600000, 0x0000000083600000, 0x0000000083700000|  0%| F|  |TAMS 0x0000000083600000| PB 0x0000000083600000| Untracked 
|  33|0x0000000083700000, 0x0000000083700000, 0x0000000083800000|  0%| F|  |TAMS 0x0000000083700000| PB 0x0000000083700000| Untracked 
|  34|0x0000000083800000, 0x0000000083800000, 0x0000000083900000|  0%| F|  |TAMS 0x0000000083800000| PB 0x0000000083800000| Untracked 
|  35|0x0000000083900000, 0x0000000083900000, 0x0000000083a00000|  0%| F|  |TAMS 0x0000000083900000| PB 0x0000000083900000| Untracked 
|  36|0x0000000083a00000, 0x0000000083a00000, 0x0000000083b00000|  0%| F|  |TAMS 0x0000000083a00000| PB 0x0000000083a00000| Untracked 
|  37|0x0000000083b00000, 0x0000000083b00000, 0x0000000083c00000|  0%| F|  |TAMS 0x0000000083b00000| PB 0x0000000083b00000| Untracked 
|  38|0x0000000083c00000, 0x0000000083c00000, 0x0000000083d00000|  0%| F|  |TAMS 0x0000000083c00000| PB 0x0000000083c00000| Untracked 
|  39|0x0000000083d00000, 0x0000000083d00000, 0x0000000083e00000|  0%| F|  |TAMS 0x0000000083d00000| PB 0x0000000083d00000| Untracked 
|  40|0x0000000083e00000, 0x0000000083e00000, 0x0000000083f00000|  0%| F|  |TAMS 0x0000000083e00000| PB 0x0000000083e00000| Untracked 
|  41|0x0000000083f00000, 0x0000000083f00000, 0x0000000084000000|  0%| F|  |TAMS 0x0000000083f00000| PB 0x0000000083f00000| Untracked 
|  42|0x0000000084000000, 0x0000000084000000, 0x0000000084100000|  0%| F|  |TAMS 0x0000000084000000| PB 0x0000000084000000| Untracked 
|  43|0x0000000084100000, 0x0000000084100000, 0x0000000084200000|  0%| F|  |TAMS 0x0000000084100000| PB 0x0000000084100000| Untracked 
|  44|0x0000000084200000, 0x0000000084200000, 0x0000000084300000|  0%| F|  |TAMS 0x0000000084200000| PB 0x0000000084200000| Untracked 
|  45|0x0000000084300000, 0x0000000084300000, 0x0000000084400000|  0%| F|  |TAMS 0x0000000084300000| PB 0x0000000084300000| Untracked 
|  46|0x0000000084400000, 0x0000000084400000, 0x0000000084500000|  0%| F|  |TAMS 0x0000000084400000| PB 0x0000000084400000| Untracked 
|  47|0x0000000084500000, 0x0000000084500000, 0x0000000084600000|  0%| F|  |TAMS 0x0000000084500000| PB 0x0000000084500000| Untracked 
|  48|0x0000000084600000, 0x0000000084600000, 0x0000000084700000|  0%| F|  |TAMS 0x0000000084600000| PB 0x0000000084600000| Untracked 
|  49|0x0000000084700000, 0x0000000084700000, 0x0000000084800000|  0%| F|  |TAMS 0x0000000084700000| PB 0x0000000084700000| Untracked 
|  50|0x0000000084800000, 0x0000000084800000, 0x0000000084900000|  0%| F|  |TAMS 0x0000000084800000| PB 0x0000000084800000| Untracked 
|  51|0x0000000084900000, 0x0000000084900000, 0x0000000084a00000|  0%| F|  |TAMS 0x0000000084900000| PB 0x0000000084900000| Untracked 
|  52|0x0000000084a00000, 0x0000000084a00000, 0x0000000084b00000|  0%| F|  |TAMS 0x0000000084a00000| PB 0x0000000084a00000| Untracked 
|  53|0x0000000084b00000, 0x0000000084b00000, 0x0000000084c00000|  0%| F|  |TAMS 0x0000000084b00000| PB 0x0000000084b00000| Untracked 
|  54|0x0000000084c00000, 0x0000000084c00000, 0x0000000084d00000|  0%| F|  |TAMS 0x0000000084c00000| PB 0x0000000084c00000| Untracked 
|  55|0x0000000084d00000, 0x0000000084d00000, 0x0000000084e00000|  0%| F|  |TAMS 0x0000000084d00000| PB 0x0000000084d00000| Untracked 
|  56|0x0000000084e00000, 0x0000000084e00000, 0x0000000084f00000|  0%| F|  |TAMS 0x0000000084e00000| PB 0x0000000084e00000| Untracked 
|  57|0x0000000084f00000, 0x0000000084f00000, 0x0000000085000000|  0%| F|  |TAMS 0x0000000084f00000| PB 0x0000000084f00000| Untracked 
|  58|0x0000000085000000, 0x0000000085000000, 0x0000000085100000|  0%| F|  |TAMS 0x0000000085000000| PB 0x0000000085000000| Untracked 
|  59|0x0000000085100000, 0x0000000085100000, 0x0000000085200000|  0%| F|  |TAMS 0x0000000085100000| PB 0x0000000085100000| Untracked 
|  60|0x0000000085200000, 0x0000000085200000, 0x0000000085300000|  0%| F|  |TAMS 0x0000000085200000| PB 0x0000000085200000| Untracked 
|  61|0x0000000085300000, 0x0000000085300000, 0x0000000085400000|  0%| F|  |TAMS 0x0000000085300000| PB 0x0000000085300000| Untracked 
|  62|0x0000000085400000, 0x0000000085400000, 0x0000000085500000|  0%| F|  |TAMS 0x0000000085400000| PB 0x0000000085400000| Untracked 
|  63|0x0000000085500000, 0x0000000085500000, 0x0000000085600000|  0%| F|  |TAMS 0x0000000085500000| PB 0x0000000085500000| Untracked 
|  64|0x0000000085600000, 0x0000000085600000, 0x0000000085700000|  0%| F|  |TAMS 0x0000000085600000| PB 0x0000000085600000| Untracked 
|  65|0x0000000085700000, 0x0000000085700000, 0x0000000085800000|  0%| F|  |TAMS 0x0000000085700000| PB 0x0000000085700000| Untracked 
|  66|0x0000000085800000, 0x0000000085800000, 0x0000000085900000|  0%| F|  |TAMS 0x0000000085800000| PB 0x0000000085800000| Untracked 
|  67|0x0000000085900000, 0x0000000085900000, 0x0000000085a00000|  0%| F|  |TAMS 0x0000000085900000| PB 0x0000000085900000| Untracked 
|  68|0x0000000085a00000, 0x0000000085a00000, 0x0000000085b00000|  0%| F|  |TAMS 0x0000000085a00000| PB 0x0000000085a00000| Untracked 
|  69|0x0000000085b00000, 0x0000000085b00000, 0x0000000085c00000|  0%| F|  |TAMS 0x0000000085b00000| PB 0x0000000085b00000| Untracked 
|  70|0x0000000085c00000, 0x0000000085c00000, 0x0000000085d00000|  0%| F|  |TAMS 0x0000000085c00000| PB 0x0000000085c00000| Untracked 
|  71|0x0000000085d00000, 0x0000000085d00000, 0x0000000085e00000|  0%| F|  |TAMS 0x0000000085d00000| PB 0x0000000085d00000| Untracked 
|  72|0x0000000085e00000, 0x0000000085e00000, 0x0000000085f00000|  0%| F|  |TAMS 0x0000000085e00000| PB 0x0000000085e00000| Untracked 
|  73|0x0000000085f00000, 0x0000000085f00000, 0x0000000086000000|  0%| F|  |TAMS 0x0000000085f00000| PB 0x0000000085f00000| Untracked 
|  74|0x0000000086000000, 0x0000000086000000, 0x0000000086100000|  0%| F|  |TAMS 0x0000000086000000| PB 0x0000000086000000| Untracked 
|  75|0x0000000086100000, 0x0000000086100000, 0x0000000086200000|  0%| F|  |TAMS 0x0000000086100000| PB 0x0000000086100000| Untracked 
|  76|0x0000000086200000, 0x0000000086200000, 0x0000000086300000|  0%| F|  |TAMS 0x0000000086200000| PB 0x0000000086200000| Untracked 
|  77|0x0000000086300000, 0x0000000086300000, 0x0000000086400000|  0%| F|  |TAMS 0x0000000086300000| PB 0x0000000086300000| Untracked 
|  78|0x0000000086400000, 0x0000000086400000, 0x0000000086500000|  0%| F|  |TAMS 0x0000000086400000| PB 0x0000000086400000| Untracked 
|  79|0x0000000086500000, 0x0000000086500000, 0x0000000086600000|  0%| F|  |TAMS 0x0000000086500000| PB 0x0000000086500000| Untracked 
|  80|0x0000000086600000, 0x0000000086600000, 0x0000000086700000|  0%| F|  |TAMS 0x0000000086600000| PB 0x0000000086600000| Untracked 
|  81|0x0000000086700000, 0x0000000086700000, 0x0000000086800000|  0%| F|  |TAMS 0x0000000086700000| PB 0x0000000086700000| Untracked 
|  82|0x0000000086800000, 0x0000000086800000, 0x0000000086900000|  0%| F|  |TAMS 0x0000000086800000| PB 0x0000000086800000| Untracked 
|  83|0x0000000086900000, 0x0000000086900000, 0x0000000086a00000|  0%| F|  |TAMS 0x0000000086900000| PB 0x0000000086900000| Untracked 
|  84|0x0000000086a00000, 0x0000000086a00000, 0x0000000086b00000|  0%| F|  |TAMS 0x0000000086a00000| PB 0x0000000086a00000| Untracked 
|  85|0x0000000086b00000, 0x0000000086b00000, 0x0000000086c00000|  0%| F|  |TAMS 0x0000000086b00000| PB 0x0000000086b00000| Untracked 
|  86|0x0000000086c00000, 0x0000000086c00000, 0x0000000086d00000|  0%| F|  |TAMS 0x0000000086c00000| PB 0x0000000086c00000| Untracked 
|  87|0x0000000086d00000, 0x0000000086d00000, 0x0000000086e00000|  0%| F|  |TAMS 0x0000000086d00000| PB 0x0000000086d00000| Untracked 
|  88|0x0000000086e00000, 0x0000000086e00000, 0x0000000086f00000|  0%| F|  |TAMS 0x0000000086e00000| PB 0x0000000086e00000| Untracked 
|  89|0x0000000086f00000, 0x0000000086f00000, 0x0000000087000000|  0%| F|  |TAMS 0x0000000086f00000| PB 0x0000000086f00000| Untracked 
|  90|0x0000000087000000, 0x0000000087000000, 0x0000000087100000|  0%| F|  |TAMS 0x0000000087000000| PB 0x0000000087000000| Untracked 
|  91|0x0000000087100000, 0x0000000087100000, 0x0000000087200000|  0%| F|  |TAMS 0x0000000087100000| PB 0x0000000087100000| Untracked 
|  92|0x0000000087200000, 0x0000000087200000, 0x0000000087300000|  0%| F|  |TAMS 0x0000000087200000| PB 0x0000000087200000| Untracked 
|  93|0x0000000087300000, 0x0000000087300000, 0x0000000087400000|  0%| F|  |TAMS 0x0000000087300000| PB 0x0000000087300000| Untracked 
|  94|0x0000000087400000, 0x0000000087400000, 0x0000000087500000|  0%| F|  |TAMS 0x0000000087400000| PB 0x0000000087400000| Untracked 
|  95|0x0000000087500000, 0x0000000087500000, 0x0000000087600000|  0%| F|  |TAMS 0x0000000087500000| PB 0x0000000087500000| Untracked 
|  96|0x0000000087600000, 0x0000000087600000, 0x0000000087700000|  0%| F|  |TAMS 0x0000000087600000| PB 0x0000000087600000| Untracked 
|  97|0x0000000087700000, 0x0000000087700000, 0x0000000087800000|  0%| F|  |TAMS 0x0000000087700000| PB 0x0000000087700000| Untracked 
|  98|0x0000000087800000, 0x0000000087800000, 0x0000000087900000|  0%| F|  |TAMS 0x0000000087800000| PB 0x0000000087800000| Untracked 
|  99|0x0000000087900000, 0x0000000087900000, 0x0000000087a00000|  0%| F|  |TAMS 0x0000000087900000| PB 0x0000000087900000| Untracked 
| 100|0x0000000087a00000, 0x0000000087a00000, 0x0000000087b00000|  0%| F|  |TAMS 0x0000000087a00000| PB 0x0000000087a00000| Untracked 
| 101|0x0000000087b00000, 0x0000000087b00000, 0x0000000087c00000|  0%| F|  |TAMS 0x0000000087b00000| PB 0x0000000087b00000| Untracked 
| 102|0x0000000087c00000, 0x0000000087c00000, 0x0000000087d00000|  0%| F|  |TAMS 0x0000000087c00000| PB 0x0000000087c00000| Untracked 
| 103|0x0000000087d00000, 0x0000000087d00000, 0x0000000087e00000|  0%| F|  |TAMS 0x0000000087d00000| PB 0x0000000087d00000| Untracked 
| 104|0x0000000087e00000, 0x0000000087e654f0, 0x0000000087f00000| 39%| S|CS|TAMS 0x0000000087e00000| PB 0x0000000087e00000| Complete 
| 105|0x0000000087f00000, 0x0000000088000000, 0x0000000088000000|100%| S|CS|TAMS 0x0000000087f00000| PB 0x0000000087f00000| Complete 
| 106|0x0000000088000000, 0x0000000088100000, 0x0000000088100000|100%| S|CS|TAMS 0x0000000088000000| PB 0x0000000088000000| Complete 
| 107|0x0000000088100000, 0x0000000088200000, 0x0000000088200000|100%| S|CS|TAMS 0x0000000088100000| PB 0x0000000088100000| Complete 
| 108|0x0000000088200000, 0x0000000088200000, 0x0000000088300000|  0%| F|  |TAMS 0x0000000088200000| PB 0x0000000088200000| Untracked 
| 109|0x0000000088300000, 0x0000000088300000, 0x0000000088400000|  0%| F|  |TAMS 0x0000000088300000| PB 0x0000000088300000| Untracked 
| 110|0x0000000088400000, 0x0000000088400000, 0x0000000088500000|  0%| F|  |TAMS 0x0000000088400000| PB 0x0000000088400000| Untracked 
| 111|0x0000000088500000, 0x0000000088500000, 0x0000000088600000|  0%| F|  |TAMS 0x0000000088500000| PB 0x0000000088500000| Untracked 
| 112|0x0000000088600000, 0x0000000088600000, 0x0000000088700000|  0%| F|  |TAMS 0x0000000088600000| PB 0x0000000088600000| Untracked 
| 113|0x0000000088700000, 0x0000000088700000, 0x0000000088800000|  0%| F|  |TAMS 0x0000000088700000| PB 0x0000000088700000| Untracked 
| 114|0x0000000088800000, 0x0000000088800000, 0x0000000088900000|  0%| F|  |TAMS 0x0000000088800000| PB 0x0000000088800000| Untracked 
| 115|0x0000000088900000, 0x0000000088900000, 0x0000000088a00000|  0%| F|  |TAMS 0x0000000088900000| PB 0x0000000088900000| Untracked 
| 116|0x0000000088a00000, 0x0000000088a00000, 0x0000000088b00000|  0%| F|  |TAMS 0x0000000088a00000| PB 0x0000000088a00000| Untracked 
| 117|0x0000000088b00000, 0x0000000088b00000, 0x0000000088c00000|  0%| F|  |TAMS 0x0000000088b00000| PB 0x0000000088b00000| Untracked 
| 118|0x0000000088c00000, 0x0000000088c00000, 0x0000000088d00000|  0%| F|  |TAMS 0x0000000088c00000| PB 0x0000000088c00000| Untracked 
| 119|0x0000000088d00000, 0x0000000088d00000, 0x0000000088e00000|  0%| F|  |TAMS 0x0000000088d00000| PB 0x0000000088d00000| Untracked 
| 120|0x0000000088e00000, 0x0000000088e00000, 0x0000000088f00000|  0%| F|  |TAMS 0x0000000088e00000| PB 0x0000000088e00000| Untracked 
| 121|0x0000000088f00000, 0x0000000088f00000, 0x0000000089000000|  0%| F|  |TAMS 0x0000000088f00000| PB 0x0000000088f00000| Untracked 
| 122|0x0000000089000000, 0x0000000089000000, 0x0000000089100000|  0%| F|  |TAMS 0x0000000089000000| PB 0x0000000089000000| Untracked 
| 123|0x0000000089100000, 0x0000000089100000, 0x0000000089200000|  0%| F|  |TAMS 0x0000000089100000| PB 0x0000000089100000| Untracked 
| 124|0x0000000089200000, 0x0000000089200000, 0x0000000089300000|  0%| F|  |TAMS 0x0000000089200000| PB 0x0000000089200000| Untracked 
| 125|0x0000000089300000, 0x0000000089300000, 0x0000000089400000|  0%| F|  |TAMS 0x0000000089300000| PB 0x0000000089300000| Untracked 
| 126|0x0000000089400000, 0x0000000089457590, 0x0000000089500000| 34%| E|  |TAMS 0x0000000089400000| PB 0x0000000089400000| Complete 
| 127|0x0000000089500000, 0x0000000089600000, 0x0000000089600000|100%| E|CS|TAMS 0x0000000089500000| PB 0x0000000089500000| Complete 

Card table byte_map: [0x000002386fce0000,0x00000238700e0000] _byte_map_base: 0x000002386f8d5000

Marking Bits: (CMBitMap*) 0x0000023868fbade0
 Bits: [0x00000238704e0000, 0x0000023872488000)

Polling page: 0x0000023866f60000

Metaspace:

Usage:
  Non-class:     18.69 MB used.
      Class:      2.37 MB used.
       Both:     21.06 MB used.

Virtual space:
  Non-class space:       64.00 MB reserved,      18.81 MB ( 29%) committed,  1 nodes.
      Class space:        1.00 GB reserved,       2.50 MB ( <1%) committed,  1 nodes.
             Both:        1.06 GB reserved,      21.31 MB (  2%) committed. 

Chunk freelists:
   Non-Class:  512.00 KB
       Class:  1.50 MB
        Both:  2.00 MB

MaxMetaspaceSize: unlimited
CompressedClassSpaceSize: 1.00 GB
Initial GC threshold: 21.00 MB
Current GC threshold: 21.31 MB
CDS: off
MetaspaceReclaimPolicy: balanced
 - commit_granule_bytes: 65536.
 - commit_granule_words: 8192.
 - virtual_space_node_default_size: 8388608.
 - enlarge_chunks_in_place: 1.
 - new_chunks_are_fully_committed: 0.
 - uncommit_free_chunks: 1.
 - use_allocation_guard: 0.


Internal statistics:

num_allocs_failed_limit: 7.
num_arena_births: 334.
num_arena_deaths: 0.
num_vsnodes_births: 2.
num_vsnodes_deaths: 0.
num_space_committed: 341.
num_space_uncommitted: 0.
num_chunks_returned_to_freelist: 7.
num_chunks_taken_from_freelist: 693.
num_chunk_merges: 5.
num_chunk_splits: 410.
num_chunks_enlarged: 246.
num_inconsistent_stats: 0.

CodeCache: size=49152Kb used=5623Kb max_used=5623Kb free=43528Kb
 bounds [0x000002386c8e0000, 0x000002386ce60000, 0x000002386f8e0000]
 total_blobs=2651 nmethods=2164 adapters=410
 compilation: enabled
              stopped_count=0, restarted_count=0
 full_count=0

Compilation events (20 events):
Event: 2.546 Thread 0x00000238793d0f30 nmethod 2142 0x000002386ce53f90 code [0x000002386ce54140, 0x000002386ce54330]
Event: 2.546 Thread 0x0000023878c50fe0 nmethod 2141 0x000002386ce54490 code [0x000002386ce54680, 0x000002386ce54990]
Event: 2.546 Thread 0x00000238793d0f30 2144   !   1       jdk.internal.ref.PhantomCleanable::isListEmpty (34 bytes)
Event: 2.546 Thread 0x0000023878c50fe0 2145       1       jdk.internal.misc.InnocuousThread::eraseThreadLocals (23 bytes)
Event: 2.546 Thread 0x0000023878e0bc70 2146   !   1       java.lang.ref.ReferenceQueue::remove (61 bytes)
Event: 2.546 Thread 0x0000023878c50fe0 nmethod 2145 0x000002386ce54c90 code [0x000002386ce54e20, 0x000002386ce54fb0]
Event: 2.546 Thread 0x00000238793d0f30 nmethod 2144 0x000002386ce55010 code [0x000002386ce551a0, 0x000002386ce55370]
Event: 2.546 Thread 0x00000238793d0f30 2147       1       java.lang.ref.ReferenceQueue::remove0 (64 bytes)
Event: 2.546 Thread 0x0000023878c50fe0 2148       1       java.lang.invoke.MethodHandleNatives$CallSiteContext::run (5 bytes)
Event: 2.546 Thread 0x0000023878c50fe0 nmethod 2148 0x000002386ce55490 code [0x000002386ce55620, 0x000002386ce556f8]
Event: 2.547 Thread 0x00000238793d0f30 nmethod 2147 0x000002386ce55b90 code [0x000002386ce55d60, 0x000002386ce55fc8]
Event: 2.547 Thread 0x0000023878e0bc70 nmethod 2146 0x000002386ce56110 code [0x000002386ce56320, 0x000002386ce56760]
Event: 2.563 Thread 0x0000023878c50fe0 2154       1       java.lang.invoke.ClassSpecializer$SpeciesData::getterFunctions (5 bytes)
Event: 2.563 Thread 0x0000023878c50fe0 nmethod 2154 0x000002386ce58290 code [0x000002386ce58400, 0x000002386ce584c8]
Event: 2.563 Thread 0x0000023878c50fe0 2157       1       java.util.LinkedHashMap::get (29 bytes)
Event: 2.563 Thread 0x0000023878c50fe0 nmethod 2157 0x000002386ce58890 code [0x000002386ce58a40, 0x000002386ce58ba8]
Event: 2.564 Thread 0x0000023878c50fe0 2158       1       java.lang.invoke.LambdaForm::<init> (115 bytes)
Event: 2.564 Thread 0x0000023878e0bc70 2159       1       java.lang.invoke.LambdaForm::fixResult (31 bytes)
Event: 2.564 Thread 0x0000023878e0bc70 nmethod 2159 0x000002386ce58c90 code [0x000002386ce58e20, 0x000002386ce58f30]
Event: 2.564 Thread 0x0000023878c50fe0 nmethod 2158 0x000002386ce59010 code [0x000002386ce591c0, 0x000002386ce594d8]

GC Heap History (6 events):
Event: 1.483 GC heap before
{Heap before GC invocations=0 (full 0):
 garbage-first heap   total 131072K, used 13312K [0x0000000081600000, 0x0000000100000000)
  region size 1024K, 13 young (13312K), 0 survivors (0K)
 Metaspace       used 12623K, committed 12864K, reserved 1114112K
  class space    used 1239K, committed 1344K, reserved 1048576K
}
Event: 1.492 GC heap after
{Heap after GC invocations=1 (full 0):
 garbage-first heap   total 131072K, used 6120K [0x0000000081600000, 0x0000000100000000)
  region size 1024K, 2 young (2048K), 2 survivors (2048K)
 Metaspace       used 12623K, committed 12864K, reserved 1114112K
  class space    used 1239K, committed 1344K, reserved 1048576K
}
Event: 1.987 GC heap before
{Heap before GC invocations=1 (full 0):
 garbage-first heap   total 131072K, used 19432K [0x0000000081600000, 0x0000000100000000)
  region size 1024K, 15 young (15360K), 2 survivors (2048K)
 Metaspace       used 16578K, committed 16768K, reserved 1114112K
  class space    used 1696K, committed 1792K, reserved 1048576K
}
Event: 1.994 GC heap after
{Heap after GC invocations=2 (full 0):
 garbage-first heap   total 131072K, used 7882K [0x0000000081600000, 0x0000000100000000)
  region size 1024K, 2 young (2048K), 2 survivors (2048K)
 Metaspace       used 16578K, committed 16768K, reserved 1114112K
  class space    used 1696K, committed 1792K, reserved 1048576K
}
Event: 2.538 GC heap before
{Heap before GC invocations=2 (full 0):
 garbage-first heap   total 131072K, used 24266K [0x0000000081600000, 0x0000000100000000)
  region size 1024K, 20 young (20480K), 2 survivors (2048K)
 Metaspace       used 21177K, committed 21568K, reserved 1114112K
  class space    used 2374K, committed 2560K, reserved 1048576K
}
Event: 2.545 GC heap after
{Heap after GC invocations=3 (full 0):
 garbage-first heap   total 131072K, used 9621K [0x0000000081600000, 0x0000000100000000)
  region size 1024K, 4 young (4096K), 4 survivors (4096K)
 Metaspace       used 21177K, committed 21568K, reserved 1114112K
  class space    used 2374K, committed 2560K, reserved 1048576K
}

Dll operation events (10 events):
Event: 0.015 Loaded shared library C:\Users\User\Downloads\sts-4.20.0.RELEASE\plugins\org.eclipse.justj.openjdk.hotspot.jre.full.win32.x86_64_20.0.2.v20230801-2057\jre\bin\java.dll
Event: 0.027 Loaded shared library C:\Users\User\Downloads\sts-4.20.0.RELEASE\plugins\org.eclipse.justj.openjdk.hotspot.jre.full.win32.x86_64_20.0.2.v20230801-2057\jre\bin\zip.dll
Event: 0.503 Loaded shared library C:\Users\User\Downloads\sts-4.20.0.RELEASE\plugins\org.eclipse.justj.openjdk.hotspot.jre.full.win32.x86_64_20.0.2.v20230801-2057\jre\bin\jimage.dll
Event: 0.529 Loaded shared library C:\Users\User\Downloads\sts-4.20.0.RELEASE\plugins\org.eclipse.justj.openjdk.hotspot.jre.full.win32.x86_64_20.0.2.v20230801-2057\jre\bin\net.dll
Event: 0.532 Loaded shared library C:\Users\User\Downloads\sts-4.20.0.RELEASE\plugins\org.eclipse.justj.openjdk.hotspot.jre.full.win32.x86_64_20.0.2.v20230801-2057\jre\bin\nio.dll
Event: 0.545 Loaded shared library C:\Users\User\Downloads\sts-4.20.0.RELEASE\plugins\org.eclipse.justj.openjdk.hotspot.jre.full.win32.x86_64_20.0.2.v20230801-2057\jre\bin\zip.dll
Event: 0.709 Loaded shared library C:\Users\User\Downloads\sts-4.20.0.RELEASE\plugins\org.eclipse.justj.openjdk.hotspot.jre.full.win32.x86_64_20.0.2.v20230801-2057\jre\bin\management.dll
Event: 0.740 Loaded shared library C:\Users\User\Downloads\sts-4.20.0.RELEASE\plugins\org.eclipse.justj.openjdk.hotspot.jre.full.win32.x86_64_20.0.2.v20230801-2057\jre\bin\management_ext.dll
Event: 1.461 Loaded shared library C:\Users\User\Downloads\sts-4.20.0.RELEASE\plugins\org.eclipse.justj.openjdk.hotspot.jre.full.win32.x86_64_20.0.2.v20230801-2057\jre\bin\extnet.dll
Event: 1.584 Loaded shared library C:\Users\User\Downloads\sts-4.20.0.RELEASE\plugins\org.eclipse.justj.openjdk.hotspot.jre.full.win32.x86_64_20.0.2.v20230801-2057\jre\bin\verify.dll

Deoptimization events (4 events):
Event: 1.085 Thread 0x0000023868f5cef0 DEOPT PACKING pc=0x000002386cb9905d sp=0x00000097accfcfd0
Event: 1.085 Thread 0x0000023868f5cef0 DEOPT UNPACKING pc=0x000002386c94a4c2 sp=0x00000097accfc480 mode 3
Event: 1.126 Thread 0x0000023868f5cef0 DEOPT PACKING pc=0x000002386cc3f760 sp=0x00000097accfcfa0
Event: 1.126 Thread 0x0000023868f5cef0 DEOPT UNPACKING pc=0x000002386c94a4c2 sp=0x00000097accfc458 mode 3

Classes loaded (20 events):
Event: 2.554 Loading class javax/xml/transform/stax/StAXSource
Event: 2.554 Loading class javax/xml/transform/stax/StAXSource done
Event: 2.554 Loading class javax/xml/transform/stream/StreamSource
Event: 2.554 Loading class javax/xml/transform/stream/StreamSource done
Event: 2.555 Loading class javax/xml/transform/TransformerFactory
Event: 2.555 Loading class javax/xml/transform/TransformerFactory done
Event: 2.555 Loading class javax/xml/transform/FactoryFinder
Event: 2.555 Loading class javax/xml/transform/FactoryFinder done
Event: 2.555 Loading class jdk/xml/internal/SecuritySupport
Event: 2.556 Loading class jdk/xml/internal/SecuritySupport done
Event: 2.561 Loading class java/lang/invoke/BoundMethodHandle$Species_LLLJ
Event: 2.561 Loading class java/lang/invoke/BoundMethodHandle$Species_LLLJ done
Event: 2.565 Loading class javax/xml/transform/FactoryFinder$1
Event: 2.565 Loading class javax/xml/transform/FactoryFinder$1 done
Event: 2.566 Loading class com/sun/org/apache/xalan/internal/xsltc/trax/TransformerFactoryImpl
Event: 2.567 Loading class com/sun/org/apache/xalan/internal/xsltc/compiler/SourceLoader
Event: 2.568 Loading class com/sun/org/apache/xalan/internal/xsltc/compiler/SourceLoader done
Event: 2.568 Loading class javax/xml/transform/sax/SAXTransformerFactory
Event: 2.568 Loading class javax/xml/transform/sax/SAXTransformerFactory done
Event: 2.568 Loading class com/sun/org/apache/xalan/internal/xsltc/trax/TransformerFactoryImpl done

Classes unloaded (0 events):
No events

Classes redefined (0 events):
No events

Internal exceptions (20 events):
Event: 2.223 Thread 0x0000023879c28db0 Exception <a 'java/lang/NoSuchMethodError'{0x0000000088e03708}: 'int java.lang.invoke.DirectMethodHandle$Holder.invokeSpecial(java.lang.Object, java.lang.Object, java.lang.Object, java.lang.Object)'> (0x0000000088e03708) 
thrown [s\src\hotspot\share\interpreter\linkResolver.cpp, line 773]
Event: 2.264 Thread 0x0000023879c28db0 Exception <a 'java/lang/NoSuchMethodError'{0x0000000088d87660}: 'java.lang.Object java.lang.invoke.DirectMethodHandle$Holder.newInvokeSpecial(java.lang.Object, java.lang.Object, java.lang.Object, java.lang.Object, java.lang.Object, java.lang.Object)'> (0x0000000088d87660) 
thrown [s\src\hotspot\share\interpreter\linkResolver.cpp, line 773]
Event: 2.275 Thread 0x0000023879c28db0 Exception <a 'java/lang/NoSuchMethodError'{0x0000000088df7588}: 'java.lang.Object java.lang.invoke.Invokers$Holder.invokeExact_MT(java.lang.Object, java.lang.Object, java.lang.Object, java.lang.Object, java.lang.Object)'> (0x0000000088df7588) 
thrown [s\src\hotspot\share\interpreter\linkResolver.cpp, line 773]
Event: 2.284 Thread 0x0000023879c28db0 Exception <a 'java/lang/NoSuchMethodError'{0x0000000088c324d8}: 'java.lang.Object java.lang.invoke.DirectMethodHandle$Holder.invokeSpecial(java.lang.Object, java.lang.Object, java.lang.Object, java.lang.Object, java.lang.Object, java.lang.Object, int)'> (0x0000000088c324d8) 
thrown [s\src\hotspot\share\interpreter\linkResolver.cpp, line 773]
Event: 2.285 Thread 0x0000023879c28db0 Exception <a 'java/lang/NoSuchMethodError'{0x0000000088c3c818}: 'java.lang.Object java.lang.invoke.DirectMethodHandle$Holder.newInvokeSpecial(java.lang.Object, java.lang.Object, java.lang.Object, java.lang.Object, java.lang.Object, java.lang.Object, int)'> (0x0000000088c3c818) 
thrown [s\src\hotspot\share\interpreter\linkResolver.cpp, line 773]
Event: 2.285 Thread 0x0000023879c28db0 Exception <a 'java/lang/NoSuchMethodError'{0x0000000088c40dc8}: 'java.lang.Object java.lang.invoke.DirectMethodHandle$Holder.invokeSpecial(java.lang.Object, java.lang.Object, java.lang.Object, java.lang.Object, java.lang.Object, java.lang.Object, java.lang.Object, int)'> (0x0000000088c40dc8) 
thrown [s\src\hotspot\share\interpreter\linkResolver.cpp, line 773]
Event: 2.350 Thread 0x0000023879c28db0 Exception <a 'java/lang/NoSuchMethodError'{0x0000000088a520a0}: 'java.lang.Object java.lang.invoke.DirectMethodHandle$Holder.invokeSpecial(java.lang.Object, java.lang.Object, java.lang.Object, int, java.lang.Object)'> (0x0000000088a520a0) 
thrown [s\src\hotspot\share\interpreter\linkResolver.cpp, line 773]
Event: 2.351 Thread 0x0000023879c28db0 Exception <a 'java/lang/NoSuchMethodError'{0x0000000088a5a368}: 'java.lang.Object java.lang.invoke.DirectMethodHandle$Holder.newInvokeSpecial(java.lang.Object, java.lang.Object, java.lang.Object, int, java.lang.Object)'> (0x0000000088a5a368) 
thrown [s\src\hotspot\share\interpreter\linkResolver.cpp, line 773]
Event: 2.355 Thread 0x0000023879c28db0 Exception <a 'java/lang/NoSuchMethodError'{0x0000000088a85a78}: 'java.lang.Object java.lang.invoke.DirectMethodHandle$Holder.newInvokeSpecial(java.lang.Object, int, java.lang.Object)'> (0x0000000088a85a78) 
thrown [s\src\hotspot\share\interpreter\linkResolver.cpp, line 773]
Event: 2.355 Thread 0x0000023879c28db0 Exception <a 'java/lang/NoSuchMethodError'{0x0000000088a89740}: 'int java.lang.invoke.DirectMethodHandle$Holder.invokeSpecialIFC(java.lang.Object, java.lang.Object, java.lang.Object, java.lang.Object)'> (0x0000000088a89740) 
thrown [s\src\hotspot\share\interpreter\linkResolver.cpp, line 773]
Event: 2.382 Thread 0x0000023879c28db0 Exception <a 'java/lang/NoSuchMethodError'{0x00000000889544e0}: 'void java.lang.invoke.DirectMethodHandle$Holder.invokeInterface(java.lang.Object, java.lang.Object, java.lang.Object)'> (0x00000000889544e0) 
thrown [s\src\hotspot\share\interpreter\linkResolver.cpp, line 773]
Event: 2.403 Thread 0x0000023879c28db0 Exception <a 'java/lang/NoSuchMethodError'{0x00000000889e7108}: 'java.lang.Object java.lang.invoke.DirectMethodHandle$Holder.invokeVirtual(java.lang.Object, java.lang.Object, java.lang.Object)'> (0x00000000889e7108) 
thrown [s\src\hotspot\share\interpreter\linkResolver.cpp, line 773]
Event: 2.421 Thread 0x0000023879c28db0 Exception <a 'java/lang/NoSuchMethodError'{0x0000000088872a60}: 'void java.lang.invoke.DirectMethodHandle$Holder.invokeStatic(java.lang.Object, java.lang.Object, int)'> (0x0000000088872a60) 
thrown [s\src\hotspot\share\interpreter\linkResolver.cpp, line 773]
Event: 2.423 Thread 0x0000023879c28db0 Exception <a 'java/lang/NoSuchMethodError'{0x000000008887a4b8}: 'void java.lang.invoke.DirectMethodHandle$Holder.invokeStaticInit(java.lang.Object, java.lang.Object)'> (0x000000008887a4b8) 
thrown [s\src\hotspot\share\interpreter\linkResolver.cpp, line 773]
Event: 2.425 Thread 0x0000023879c28db0 Exception <a 'java/lang/NoSuchMethodError'{0x00000000888870e8}: 'void java.lang.invoke.DirectMethodHandle$Holder.invokeStaticInit(java.lang.Object, java.lang.Object, java.lang.Object)'> (0x00000000888870e8) 
thrown [s\src\hotspot\share\interpreter\linkResolver.cpp, line 773]
Event: 2.441 Thread 0x0000023879c28db0 Exception <a 'java/lang/NoSuchMethodError'{0x00000000888d13b0}: 'void java.lang.invoke.DirectMethodHandle$Holder.invokeVirtual(java.lang.Object, java.lang.Object, java.lang.Object, java.lang.Object)'> (0x00000000888d13b0) 
thrown [s\src\hotspot\share\interpreter\linkResolver.cpp, line 773]
Event: 2.482 Thread 0x0000023879c28db0 Exception <a 'java/lang/NoSuchMethodError'{0x00000000887f5f38}: 'void java.lang.invoke.DirectMethodHandle$Holder.invokeSpecial(java.lang.Object, java.lang.Object, java.lang.Object, java.lang.Object, java.lang.Object)'> (0x00000000887f5f38) 
thrown [s\src\hotspot\share\interpreter\linkResolver.cpp, line 773]
Event: 2.492 Thread 0x0000023879cad5b0 Exception <a 'java/lang/NoClassDefFoundError'{0x0000000088439010}: javax/validation/Validation> (0x0000000088439010) 
thrown [s\src\hotspot\share\classfile\systemDictionary.cpp, line 294]
Event: 2.492 Thread 0x0000023879c28db0 Exception <a 'java/lang/IncompatibleClassChangeError'{0x000000008844a628}: Found class java.lang.Object, but interface was expected> (0x000000008844a628) 
thrown [s\src\hotspot\share\interpreter\linkResolver.cpp, line 840]
Event: 2.553 Thread 0x0000023879cad5b0 Exception <a 'java/lang/NoSuchMethodError'{0x0000000089574a30}: 'java.lang.Object java.lang.invoke.DirectMethodHandle$Holder.invokeStaticInit(java.lang.Object, java.lang.Object, java.lang.Object, java.lang.Object, java.lang.Object)'> (0x0000000089574a30) 
thrown [s\src\hotspot\share\interpreter\linkResolver.cpp, line 773]

VM Operations (20 events):
Event: 1.624 Executing VM operation: HandshakeAllThreads done
Event: 1.768 Executing VM operation: HandshakeAllThreads
Event: 1.768 Executing VM operation: HandshakeAllThreads done
Event: 1.987 Executing VM operation: G1CollectForAllocation
Event: 1.994 Executing VM operation: G1CollectForAllocation done
Event: 2.045 Executing VM operation: HandshakeAllThreads
Event: 2.045 Executing VM operation: HandshakeAllThreads done
Event: 2.103 Executing VM operation: HandshakeAllThreads
Event: 2.103 Executing VM operation: HandshakeAllThreads done
Event: 2.329 Executing VM operation: HandshakeAllThreads
Event: 2.329 Executing VM operation: HandshakeAllThreads done
Event: 2.487 Executing VM operation: ICBufferFull
Event: 2.488 Executing VM operation: ICBufferFull done
Event: 2.505 Executing VM operation: HandshakeAllThreads
Event: 2.505 Executing VM operation: HandshakeAllThreads done
Event: 2.537 Executing VM operation: CollectForMetadataAllocation
Event: 2.537 Executing VM operation: CollectForMetadataAllocation done
Event: 2.537 Executing VM operation: G1CollectForAllocation
Event: 2.545 Executing VM operation: G1CollectForAllocation done
Event: 2.568 Executing VM operation: CollectForMetadataAllocation

Events (20 events):
Event: 0.194 Thread 0x0000023878c41400 Thread added: 0x0000023878c41400
Event: 0.199 Thread 0x0000023878c442c0 Thread added: 0x0000023878c442c0
Event: 0.199 Thread 0x0000023878c71670 Thread added: 0x0000023878c71670
Event: 0.199 Thread 0x0000023878c4d5b0 Thread added: 0x0000023878c4d5b0
Event: 0.199 Thread 0x0000023878c4def0 Thread added: 0x0000023878c4def0
Event: 0.200 Thread 0x0000023878c50fe0 Thread added: 0x0000023878c50fe0
Event: 0.422 Thread 0x000002387481aa00 Thread added: 0x000002387481aa00
Event: 0.455 Thread 0x0000023878e0bc70 Thread added: 0x0000023878e0bc70
Event: 0.478 Thread 0x0000023878e62b60 Thread added: 0x0000023878e62b60
Event: 1.096 Thread 0x00000238793d0f30 Thread added: 0x00000238793d0f30
Event: 1.467 Thread 0x000002387947b330 Thread added: 0x000002387947b330
Event: 1.498 Thread 0x0000023879474740 Thread added: 0x0000023879474740
Event: 1.545 Thread 0x00000238795fb590 Thread added: 0x00000238795fb590
Event: 1.970 Thread 0x0000023879c26030 Thread added: 0x0000023879c26030
Event: 1.979 Thread 0x0000023879c28db0 Thread added: 0x0000023879c28db0
Event: 2.044 Thread 0x0000023879624c40 Thread added: 0x0000023879624c40
Event: 2.070 Thread 0x00000238796255c0 Thread added: 0x00000238796255c0
Event: 2.072 Thread 0x0000023879c66d20 Thread added: 0x0000023879c66d20
Event: 2.099 Thread 0x0000023879cad060 Thread added: 0x0000023879cad060
Event: 2.486 Thread 0x0000023879cad5b0 Thread added: 0x0000023879cad5b0


Dynamic libraries:
0x00007ff6dbc40000 - 0x00007ff6dbc4e000 	C:\Users\User\Downloads\sts-4.20.0.RELEASE\plugins\org.eclipse.justj.openjdk.hotspot.jre.full.win32.x86_64_20.0.2.v20230801-2057\jre\bin\javaw.exe
0x00007ffc58e30000 - 0x00007ffc59028000 	C:\Windows\SYSTEM32\ntdll.dll
0x00007ffc57130000 - 0x00007ffc571ed000 	C:\Windows\System32\KERNEL32.DLL
0x00007ffc56540000 - 0x00007ffc56836000 	C:\Windows\System32\KERNELBASE.dll
0x00007ffc56ba0000 - 0x00007ffc56ca0000 	C:\Windows\System32\ucrtbase.dll
0x00007ffc500d0000 - 0x00007ffc500e7000 	C:\Users\User\Downloads\sts-4.20.0.RELEASE\plugins\org.eclipse.justj.openjdk.hotspot.jre.full.win32.x86_64_20.0.2.v20230801-2057\jre\bin\jli.dll
0x00007ffc500b0000 - 0x00007ffc500cb000 	C:\Users\User\Downloads\sts-4.20.0.RELEASE\plugins\org.eclipse.justj.openjdk.hotspot.jre.full.win32.x86_64_20.0.2.v20230801-2057\jre\bin\VCRUNTIME140.dll
0x00007ffc57930000 - 0x00007ffc57ace000 	C:\Windows\System32\USER32.dll
0x00007ffc56a50000 - 0x00007ffc56a72000 	C:\Windows\System32\win32u.dll
0x00007ffc57f80000 - 0x00007ffc57fac000 	C:\Windows\System32\GDI32.dll
0x00007ffc3e250000 - 0x00007ffc3e4ea000 	C:\Windows\WinSxS\amd64_microsoft.windows.common-controls_6595b64144ccf1df_6.0.19041.1110_none_60b5254171f9507e\COMCTL32.dll
0x00007ffc56a80000 - 0x00007ffc56b9a000 	C:\Windows\System32\gdi32full.dll
0x00007ffc56d30000 - 0x00007ffc56dcd000 	C:\Windows\System32\msvcp_win.dll
0x00007ffc58060000 - 0x00007ffc580fe000 	C:\Windows\System32\msvcrt.dll
0x00007ffc58030000 - 0x00007ffc58060000 	C:\Windows\System32\IMM32.DLL
0x00007ffc51b20000 - 0x00007ffc51b2c000 	C:\Users\User\Downloads\sts-4.20.0.RELEASE\plugins\org.eclipse.justj.openjdk.hotspot.jre.full.win32.x86_64_20.0.2.v20230801-2057\jre\bin\vcruntime140_1.dll
0x00007ffc34f30000 - 0x00007ffc34fbd000 	C:\Users\User\Downloads\sts-4.20.0.RELEASE\plugins\org.eclipse.justj.openjdk.hotspot.jre.full.win32.x86_64_20.0.2.v20230801-2057\jre\bin\msvcp140.dll
0x00007ffc19090000 - 0x00007ffc19d9f000 	C:\Users\User\Downloads\sts-4.20.0.RELEASE\plugins\org.eclipse.justj.openjdk.hotspot.jre.full.win32.x86_64_20.0.2.v20230801-2057\jre\bin\server\jvm.dll
0x00007ffc572e0000 - 0x00007ffc5738e000 	C:\Windows\System32\ADVAPI32.dll
0x00007ffc56e90000 - 0x00007ffc56f2c000 	C:\Windows\System32\sechost.dll
0x00007ffc56f30000 - 0x00007ffc57056000 	C:\Windows\System32\RPCRT4.dll
0x00007ffc53930000 - 0x00007ffc53939000 	C:\Windows\SYSTEM32\WSOCK32.dll
0x00007ffc57dc0000 - 0x00007ffc57e2b000 	C:\Windows\System32\WS2_32.dll
0x00007ffc36600000 - 0x00007ffc36627000 	C:\Windows\SYSTEM32\WINMM.dll
0x00007ffc502f0000 - 0x00007ffc502fa000 	C:\Windows\SYSTEM32\VERSION.dll
0x00007ffc543a0000 - 0x00007ffc543b2000 	C:\Windows\SYSTEM32\kernel.appcore.dll
0x00007ffc538c0000 - 0x00007ffc538ca000 	C:\Users\User\Downloads\sts-4.20.0.RELEASE\plugins\org.eclipse.justj.openjdk.hotspot.jre.full.win32.x86_64_20.0.2.v20230801-2057\jre\bin\jimage.dll
0x00007ffc39910000 - 0x00007ffc39af4000 	C:\Windows\SYSTEM32\DBGHELP.DLL
0x00007ffc39810000 - 0x00007ffc39844000 	C:\Windows\SYSTEM32\dbgcore.DLL
0x00007ffc56ca0000 - 0x00007ffc56d22000 	C:\Windows\System32\bcryptPrimitives.dll
0x00007ffc51af0000 - 0x00007ffc51b16000 	C:\Users\User\Downloads\sts-4.20.0.RELEASE\plugins\org.eclipse.justj.openjdk.hotspot.jre.full.win32.x86_64_20.0.2.v20230801-2057\jre\bin\java.dll
0x00007ffc50610000 - 0x00007ffc50628000 	C:\Users\User\Downloads\sts-4.20.0.RELEASE\plugins\org.eclipse.justj.openjdk.hotspot.jre.full.win32.x86_64_20.0.2.v20230801-2057\jre\bin\zip.dll
0x00007ffc585f0000 - 0x00007ffc58d35000 	C:\Windows\System32\SHELL32.dll
0x00007ffc545a0000 - 0x00007ffc54d3b000 	C:\Windows\SYSTEM32\windows.storage.dll
0x00007ffc58290000 - 0x00007ffc585e4000 	C:\Windows\System32\combase.dll
0x00007ffc55e80000 - 0x00007ffc55eae000 	C:\Windows\SYSTEM32\Wldp.dll
0x00007ffc57060000 - 0x00007ffc5710d000 	C:\Windows\System32\SHCORE.dll
0x00007ffc57800000 - 0x00007ffc57855000 	C:\Windows\System32\shlwapi.dll
0x00007ffc56440000 - 0x00007ffc56465000 	C:\Windows\SYSTEM32\profapi.dll
0x00007ffc501e0000 - 0x00007ffc501f3000 	C:\Users\User\Downloads\sts-4.20.0.RELEASE\plugins\org.eclipse.justj.openjdk.hotspot.jre.full.win32.x86_64_20.0.2.v20230801-2057\jre\bin\net.dll
0x00007ffc4d320000 - 0x00007ffc4d42a000 	C:\Windows\SYSTEM32\WINHTTP.dll
0x00007ffc55be0000 - 0x00007ffc55c4a000 	C:\Windows\system32\mswsock.dll
0x00007ffc4d940000 - 0x00007ffc4d956000 	C:\Users\User\Downloads\sts-4.20.0.RELEASE\plugins\org.eclipse.justj.openjdk.hotspot.jre.full.win32.x86_64_20.0.2.v20230801-2057\jre\bin\nio.dll
0x00007ffc50640000 - 0x00007ffc50649000 	C:\Users\User\Downloads\sts-4.20.0.RELEASE\plugins\org.eclipse.justj.openjdk.hotspot.jre.full.win32.x86_64_20.0.2.v20230801-2057\jre\bin\management.dll
0x00007ffc50630000 - 0x00007ffc5063b000 	C:\Users\User\Downloads\sts-4.20.0.RELEASE\plugins\org.eclipse.justj.openjdk.hotspot.jre.full.win32.x86_64_20.0.2.v20230801-2057\jre\bin\management_ext.dll
0x00007ffc57e40000 - 0x00007ffc57e48000 	C:\Windows\System32\PSAPI.DLL
0x00007ffc33c50000 - 0x00007ffc33c67000 	C:\Windows\system32\napinsp.dll
0x00007ffc32ee0000 - 0x00007ffc32efb000 	C:\Windows\system32\pnrpnsp.dll
0x00007ffc50140000 - 0x00007ffc50155000 	C:\Windows\system32\wshbth.dll
0x00007ffc51e30000 - 0x00007ffc51e4d000 	C:\Windows\system32\NLAapi.dll
0x00007ffc558d0000 - 0x00007ffc5590b000 	C:\Windows\SYSTEM32\IPHLPAPI.DLL
0x00007ffc55910000 - 0x00007ffc559da000 	C:\Windows\SYSTEM32\DNSAPI.dll
0x00007ffc58100000 - 0x00007ffc58108000 	C:\Windows\System32\NSI.dll
0x00007ffc317f0000 - 0x00007ffc31802000 	C:\Windows\System32\winrnr.dll
0x00007ffc4d300000 - 0x00007ffc4d30a000 	C:\Windows\System32\rasadhlp.dll
0x00007ffc3c050000 - 0x00007ffc3c0d2000 	C:\Windows\System32\fwpuclnt.dll
0x00007ffc56510000 - 0x00007ffc56537000 	C:\Windows\System32\bcrypt.dll
0x00007ffc55de0000 - 0x00007ffc55df8000 	C:\Windows\SYSTEM32\CRYPTSP.dll
0x00007ffc554f0000 - 0x00007ffc55524000 	C:\Windows\system32\rsaenh.dll
0x00007ffc563c0000 - 0x00007ffc563ee000 	C:\Windows\SYSTEM32\USERENV.dll
0x00007ffc55dd0000 - 0x00007ffc55ddc000 	C:\Windows\SYSTEM32\CRYPTBASE.dll
0x00007ffc4d780000 - 0x00007ffc4d797000 	C:\Windows\SYSTEM32\dhcpcsvc6.DLL
0x00007ffc4f5f0000 - 0x00007ffc4f60d000 	C:\Windows\SYSTEM32\dhcpcsvc.DLL
0x00007ffc50800000 - 0x00007ffc50807000 	C:\Users\User\Downloads\sts-4.20.0.RELEASE\plugins\org.eclipse.justj.openjdk.hotspot.jre.full.win32.x86_64_20.0.2.v20230801-2057\jre\bin\extnet.dll
0x00007ffc521b0000 - 0x00007ffc521c0000 	C:\Users\User\Downloads\sts-4.20.0.RELEASE\plugins\org.eclipse.justj.openjdk.hotspot.jre.full.win32.x86_64_20.0.2.v20230801-2057\jre\bin\verify.dll

dbghelp: loaded successfully - version: 4.0.5 - missing functions: none
symbol engine: initialized successfully - sym options: 0x614 - pdb path: .;C:\Users\User\Downloads\sts-4.20.0.RELEASE\plugins\org.eclipse.justj.openjdk.hotspot.jre.full.win32.x86_64_20.0.2.v20230801-2057\jre\bin;C:\Windows\SYSTEM32;C:\Windows\WinSxS\amd64_microsoft.windows.common-controls_6595b64144ccf1df_6.0.19041.1110_none_60b5254171f9507e;C:\Users\User\Downloads\sts-4.20.0.RELEASE\plugins\org.eclipse.justj.openjdk.hotspot.jre.full.win32.x86_64_20.0.2.v20230801-2057\jre\bin\server

VM Arguments:
jvm_args: -Dcom.sun.management.jmxremote -Dcom.sun.management.jmxremote.port=50732 -Dcom.sun.management.jmxremote.authenticate=false -Dcom.sun.management.jmxremote.ssl=false -Djava.rmi.server.hostname=localhost -Dspring.jmx.enabled=true -Dmanagement.endpoints.jmx.exposure.include=* -Dspring.application.admin.enabled=true -XX:TieredStopAtLevel=1 -Dspring.boot.project.name=Registration -Dfile.encoding=UTF-8 -Dstdout.encoding=UTF-8 -Dstderr.encoding=UTF-8 -XX:+ShowCodeDetailsInExceptionMessages 
java_command: com.priya.Registration.RegistrationApplication --spring.output.ansi.enabled=always
java_class_path (initial): E:\springwork\Registration\target\classes;C:\Users\User\.m2\repository\org\springframework\boot\spring-boot-starter-data-jpa\2.7.17\spring-boot-starter-data-jpa-2.7.17.jar;C:\Users\User\.m2\repository\org\springframework\boot\spring-boot-starter-aop\2.7.17\spring-boot-starter-aop-2.7.17.jar;C:\Users\User\.m2\repository\org\aspectj\aspectjweaver\1.9.7\aspectjweaver-1.9.7.jar;C:\Users\User\.m2\repository\org\springframework\boot\spring-boot-starter-jdbc\2.7.17\spring-boot-starter-jdbc-2.7.17.jar;C:\Users\User\.m2\repository\com\zaxxer\HikariCP\4.0.3\HikariCP-4.0.3.jar;C:\Users\User\.m2\repository\org\springframework\spring-jdbc\5.3.30\spring-jdbc-5.3.30.jar;C:\Users\User\.m2\repository\jakarta\transaction\jakarta.transaction-api\1.3.3\jakarta.transaction-api-1.3.3.jar;C:\Users\User\.m2\repository\jakarta\persistence\jakarta.persistence-api\2.2.3\jakarta.persistence-api-2.2.3.jar;C:\Users\User\.m2\repository\org\hibernate\hibernate-core\5.6.15.Final\hibernate-core-5.6.15.Final.jar;C:\Users\User\.m2\repository\org\jboss\logging\jboss-logging\3.4.3.Final\jboss-logging-3.4.3.Final.jar;C:\Users\User\.m2\repository\net\bytebuddy\byte-buddy\1.12.23\byte-buddy-1.12.23.jar;C:\Users\User\.m2\repository\antlr\antlr\2.7.7\antlr-2.7.7.jar;C:\Users\User\.m2\repository\org\jboss\jandex\2.4.2.Final\jandex-2.4.2.Final.jar;C:\Users\User\.m2\repository\com\fasterxml\classmate\1.5.1\classmate-1.5.1.jar;C:\Users\User\.m2\repository\org\hibernate\common\hibernate-commons-annotations\5.1.2.Final\hibernate-commons-annotations-5.1.2.Final.jar;C:\Users\User\.m2\repository\org\glassfish\jaxb\jaxb-runtime\2.3.8\jaxb-runtime-2.3.8.jar;C:\Users\User\.m2\repository\org\glassfish\jaxb\txw2\2.3.8\txw2-2.3.8.jar;C:\Users\User\.m2\repository\com\sun\istack\istack-commons-runtime\3.0.12\istack-commons-runtime-3.0.12.jar;C:\Users\User\.m2\repository\com\sun\activation\jakarta.activation\1.2.2\jakarta.activation-1.2.2.jar;C:\Users\User\.m2\repository\org\springframework\data\spring-data-jpa\2.7.17\spring-data-jpa-2.7.17.jar;C:\Users\User\.m2\repository\org\springframework\data\spring-data-commons\2.7.17\spring-data-commons-2.7.17.jar;C:\Users\User\.m2\repository\org\springframework\spring-orm\5.3.30\spring-orm-5.3.30.jar;C:\Users\User\.m2\repository\org\springframework\spring-context\5.3.30\spring-context-5.3.30.jar;C:\Users\User\.m2\repository\org\springframework\spring-tx\5.3.30\spring-tx-5.3.30.jar;C:\Users\User\.m2\repository\org\springframework\spring-beans\5.3.30\spring-beans-5.3.30.jar;C:\Users\User\.m2\repository\org\springframework\spring-aspects\5.3.30\spring-aspects-5.3.30.jar;C:\Users\User\.m2\repository\org\springframework\boot\spring-boot-starter-security\2.7.17\spring-boot-starter-security-2.7.17.jar;C:\Users\User\.m2\repository\org\springframework\boot\spring-boot-starter\2.7.17\spring-boot-starter-2.7.17.jar;C:\Users\User\.m2\repository\org\springframework\boot\spring-boot-starter-logging\2.7.17\spring-boot-starter-logging-2.7.17.jar;C:\Users\User\.m2\repository\ch\qos\logback\logback-classic\1.2.12\logback-classic-1.2.12.jar;C:\Users\User\.m2\repository\ch\qos\logback\logback-core\1.2.12\logback-core-1.2.12.jar;C:\Users\User\.m2\repository\org\apache\logging\log4j\log4j-to-slf4j\2.17.2\log4j-to-slf4j-2.17.2.jar;C:\Users\User\.m2\repository\org\apache\logging\log4j\log4j-api\2.17.2\log4j-api-2.17.2.jar;C:\Users\User\.m2\repository\org\slf4j\jul-to-slf4j\1.7.36\jul-to-slf4j-1.7.36.jar;C:\Users\User\.m2\repository\jakarta\annotation\jakarta.annotation-api\1.3.5\jakarta.annotation-api-1.3.5.jar;C:\Users\User\.m2\repository\org\yaml\snakeyaml\1.30\snakeyaml-1.30.jar;C:\Users\User\.m2\repository\org\springframework\spring-aop\5.3.30\spring-aop-5.3.30.jar;C:\Users\User\.m2\repository\org\springframework\security\spring-security-config\5.7.11\spring-security-config-5.7.11.jar;C:\Users\User\.m2\repository\org\springframework\security\spring-security-web\5.7.11\spring-security-web-5.7.11.jar;C:\Users\User\.m2\repository\org\springframework\spring-expression\5.3.30\spring-expression-5.3.30.jar;C:\Users\User\.m2\repository\org\springframework\boot\spring-boot-starter-thymeleaf\2.7.17\spring-boot-starter-thymeleaf-2.7.17.jar;C:\Users\User\.m2\repository\org\thymeleaf\thymeleaf-spring5\3.0.15.RELEASE\thymeleaf-spring5-3.0.15.RELEASE.jar;C:\Users\User\.m2\repository\org\thymeleaf\thymeleaf\3.0.15.RELEASE\thymeleaf-3.0.15.RELEASE.jar;C:\Users\User\.m2\repository\org\attoparser\attoparser\2.0.5.RELEASE\attoparser-2.0.5.RELEASE.jar;C:\Users\User\.m2\repository\org\unbescape\unbescape\1.1.6.RELEASE\unbescape-1.1.6.RELEASE.jar;C:\Users\User\.m2\repository\org\thymeleaf\extras\thymeleaf-extras-java8time\3.0.4.RELEASE\thymeleaf-extras-java8time-3.0.4.RELEASE.jar;C:\Users\User\.m2\repository\org\springframework\boot\spring-boot-starter-web\2.7.17\spring-boot-starter-web-2.7.17.jar;C:\Users\User\.m2\repository\org\springframework\boot\spring-boot-starter-json\2.7.17\spring-boot-starter-json-2.7.17.jar;C:\Users\User\.m2\repository\com\fasterxml\jackson\core\jackson-databind\2.13.5\jackson-databind-2.13.5.jar;C:\Users\User\.m2\repository\com\fasterxml\jackson\core\jackson-annotations\2.13.5\jackson-annotations-2.13.5.jar;C:\Users\User\.m2\repository\com\fasterxml\jackson\core\jackson-core\2.13.5\jackson-core-2.13.5.jar;C:\Users\User\.m2\repository\com\fasterxml\jackson\datatype\jackson-datatype-jdk8\2.13.5\jackson-datatype-jdk8-2.13.5.jar;C:\Users\User\.m2\repository\com\fasterxml\jackson\datatype\jackson-datatype-jsr310\2.13.5\jackson-datatype-jsr310-2.13.5.jar;C:\Users\User\.m2\repository\com\fasterxml\jackson\module\jackson-module-parameter-names\2.13.5\jackson-module-parameter-names-2.13.5.jar;C:\Users\User\.m2\repository\org\springframework\boot\spring-boot-starter-tomcat\2.7.17\spring-boot-starter-tomcat-2.7.17.jar;C:\Users\User\.m2\repository\org\apache\tomcat\embed\tomcat-embed-core\9.0.82\tomcat-embed-core-9.0.82.jar;C:\Users\User\.m2\repository\org\apache\tomcat\embed\tomcat-embed-el\9.0.82\tomcat-embed-el-9.0.82.jar;C:\Users\User\.m2\repository\org\apache\tomcat\embed\tomcat-embed-websocket\9.0.82\tomcat-embed-websocket-9.0.82.jar;C:\Users\User\.m2\repository\org\springframework\spring-web\5.3.30\spring-web-5.3.30.jar;C:\Users\User\.m2\repository\org\springframework\spring-webmvc\5.3.30\spring-webmvc-5.3.30.jar;C:\Users\User\.m2\repository\org\thymeleaf\extras\thymeleaf-extras-springsecurity5\3.0.5.RELEASE\thymeleaf-extras-springsecurity5-3.0.5.RELEASE.jar;C:\Users\User\.m2\repository\org\slf4j\slf4j-api\1.7.36\slf4j-api-1.7.36.jar;C:\Users\User\.m2\repository\org\springframework\boot\spring-boot-devtools\2.7.17\spring-boot-devtools-2.7.17.jar;C:\Users\User\.m2\repository\org\springframework\boot\spring-boot\2.7.17\spring-boot-2.7.17.jar;C:\Users\User\.m2\repository\org\springframework\boot\spring-boot-autoconfigure\2.7.17\spring-boot-autoconfigure-2.7.17.jar;C:\Users\User\.m2\repository\jakarta\xml\bind\jakarta.xml.bind-api\2.3.3\jakarta.xml.bind-api-2.3.3.jar;C:\Users\User\.m2\repository\jakarta\activation\jakarta.activation-api\1.2.2\jakarta.activation-api-1.2.2.jar;C:\Users\User\.m2\repository\org\springframework\spring-core\5.3.30\spring-core-5.3.30.jar;C:\Users\User\.m2\repository\org\springframework\spring-jcl\5.3.30\spring-jcl-5.3.30.jar;C:\Users\User\.m2\repository\org\springframework\security\spring-security-core\5.7.11\spring-security-core-5.7.11.jar;C:\Users\User\.m2\repository\org\springframework\security\spring-security-crypto\5.7.11\spring-security-crypto-5.7.11.jar;C:\Users\User\.m2\repository\mysql\mysql-connector-java\8.0.22\mysql-connector-java-8.0.22.jar;C:\Users\User\.m2\repository\com\google\protobuf\protobuf-java\3.11.4\protobuf-java-3.11.4.jar
Launcher Type: SUN_STANDARD

[Global flags]
     intx CICompilerCount                          = 3                                         {product} {ergonomic}
     uint ConcGCThreads                            = 1                                         {product} {ergonomic}
     uint G1ConcRefinementThreads                  = 4                                         {product} {ergonomic}
   size_t G1HeapRegionSize                         = 1048576                                   {product} {ergonomic}
    uintx GCDrainStackTargetSize                   = 64                                        {product} {ergonomic}
   size_t InitialHeapSize                          = 134217728                                 {product} {ergonomic}
     bool ManagementServer                         = true                                      {product} {command line}
   size_t MarkStackSize                            = 4194304                                   {product} {ergonomic}
   size_t MaxHeapSize                              = 2124414976                                {product} {ergonomic}
   size_t MaxNewSize                               = 1274019840                                {product} {ergonomic}
   size_t MinHeapDeltaBytes                        = 1048576                                   {product} {ergonomic}
   size_t MinHeapSize                              = 8388608                                   {product} {ergonomic}
    uintx NonProfiledCodeHeapSize                  = 0                                      {pd product} {ergonomic}
     bool ProfileInterpreter                       = false                                  {pd product} {command line}
    uintx ProfiledCodeHeapSize                     = 0                                      {pd product} {ergonomic}
     bool ShowCodeDetailsInExceptionMessages       = true                                   {manageable} {command line}
   size_t SoftMaxHeapSize                          = 2124414976                             {manageable} {ergonomic}
     intx TieredStopAtLevel                        = 1                                         {product} {command line}
     bool UseCompressedClassPointers               = true                           {product lp64_product} {ergonomic}
     bool UseCompressedOops                        = true                           {product lp64_product} {ergonomic}
     bool UseG1GC                                  = true                                      {product} {ergonomic}
     bool UseLargePagesIndividualAllocation        = false                                  {pd product} {ergonomic}

Logging:
Log output configuration:
 #0: stdout all=warning uptime,level,tags foldmultilines=false
 #1: stderr all=off uptime,level,tags foldmultilines=false

Environment Variables:
PATH=C:/Users/User/Downloads/sts-4.20.0.RELEASE//plugins/org.eclipse.justj.openjdk.hotspot.jre.full.win32.x86_64_20.0.2.v20230801-2057/jre/bin/server;C:/Users/User/Downloads/sts-4.20.0.RELEASE//plugins/org.eclipse.justj.openjdk.hotspot.jre.full.win32.x86_64_20.0.2.v20230801-2057/jre/bin;C:\Program Files\Common Files\Oracle\Java\javapath;C:\ProgramData\Oracle\Java\javapath;C:\Windows\system32;C:\Windows;C:\Windows\System32\Wbem;C:\Windows\System32\WindowsPowerShell\v1.0\;C:\Windows\System32\OpenSSH\;C:\Program Files\Git\cmd;C:\Program Files\MySQL\MySQL Shell 8.0\bin\;C:\Users\User\AppData\Local\Microsoft\WindowsApps;C:\Program Files\JetBrains\IntelliJ IDEA Community Edition 2022.3.2\bin;;C:\Users\User\AppData\Local\Programs\Microsoft VS Code\bin;C:\Users\User\Downloads\sts-4.20.0.RELEASE;
USERNAME=User
OS=Windows_NT
PROCESSOR_IDENTIFIER=Intel64 Family 6 Model 78 Stepping 3, GenuineIntel
TMP=C:\Users\User\AppData\Local\Temp
TEMP=C:\Users\User\AppData\Local\Temp




---------------  S Y S T E M  ---------------

OS:
 Windows 10 , 64 bit Build 19041 (10.0.19041.3393)
OS uptime: 18 days 7:27 hours

CPU: total 4 (initial active 4) (2 cores per cpu, 2 threads per core) family 6 model 78 stepping 3 microcode 0xf0, cx8, cmov, fxsr, ht, mmx, 3dnowpref, sse, sse2, sse3, ssse3, sse4.1, sse4.2, popcnt, lzcnt, tsc, tscinvbit, avx, avx2, aes, erms, clmul, bmi1, bmi2, adx, fma, vzeroupper, clflush, clflushopt, rdtscp, f16c

Memory: 4k page, system-wide physical 8098M (994M free)
TotalPageFile size 16242M (AvailPageFile size 8046M)
current process WorkingSet (physical memory assigned to process): 95M, peak: 95M
current process commit charge ("private bytes"): 223M, peak: 223M

vm_info: OpenJDK 64-Bit Server VM (20.0.2+9) for windows-amd64 JRE (20.0.2+9), built on 2023-07-18T00:00:00Z by "admin" with MS VC++ 16.10 / 16.11 (VS2019)

END.
